<?xml version="1.0" encoding="UTF-8"?>
<!-- Generated by org.testng.reporters.JUnitReportReporter -->
<testsuite skipped="0" hostname="localhost.localdomain" name="SignInTest" tests="1" failures="0" timestamp="01 Dec 2018 13:25:18 GMT" time="16.388" errors="0">
  <testcase name="shouldThrowAnErrorIfSignInDetailsAreMissing" time="16.388" classname="SignInTest"/>
</testsuite> <!-- SignInTest -->
