<?xml version="1.0" encoding="UTF-8"?>
<!-- Generated by org.testng.reporters.JUnitReportReporter -->
<testsuite skipped="0" hostname="LAPTOP-PHSRI9H9" name="HotelBookingTest" tests="1" failures="0" timestamp="11 Dec 2019 06:54:53 GMT" time="4.814" errors="0">
  <testcase name="shouldBeAbleToSearchForHotels" time="4.814" classname="HotelBookingTest"/>
</testsuite> <!-- HotelBookingTest -->
