<?xml version="1.0" encoding="UTF-8"?>
<!-- Generated by org.testng.reporters.JUnitReportReporter -->
<testsuite skipped="0" hostname="user-PC" name="testPackage.SignInTest.SignInTest" tests="1" failures="0" timestamp="27 Jan 2019 20:25:44 GMT" time="16.971" errors="0">
  <testcase name="shouldThrowAnErrorIfSignInDetailsAreMissing" time="16.971" classname="testPackage.SignInTest.SignInTest"/>
</testsuite> <!-- testPackage.SignInTest.SignInTest -->
