<?xml version="1.0" encoding="UTF-8"?>
<!-- Generated by org.testng.reporters.JUnitReportReporter -->
<testsuite skipped="0" hostname="NDI-LAP-752" name="com.coding.test.FlightBookingTest" tests="1" failures="0" timestamp="16 Dec 2018 19:33:03 GMT" time="48.932" errors="0">
  <testcase name="testThatResultsAppearForAOneWayJourney" time="48.932" classname="com.coding.test.FlightBookingTest"/>
</testsuite> <!-- com.coding.test.FlightBookingTest -->
