<?xml version="1.0" encoding="UTF-8"?>
<!-- Generated by org.testng.reporters.JUnitReportReporter -->
<testsuite skipped="0" hostname="NDI-LAP-752" name="com.coding.test.FlightBookingTest" tests="1" failures="0" timestamp="17 Dec 2018 06:26:54 GMT" time="41.850" errors="0">
  <testcase name="testThatResultsAppearForAOneWayJourney" time="41.850" classname="com.coding.test.FlightBookingTest"/>
</testsuite> <!-- com.coding.test.FlightBookingTest -->
