<?xml version="1.0" encoding="UTF-8"?>
<!-- Generated by org.testng.reporters.JUnitReportReporter -->
<testsuite skipped="0" hostname="LAPTOP-PHSRI9H9" name="FlightBookingTest" tests="1" failures="0" timestamp="11 Dec 2019 05:20:34 GMT" time="13.183" errors="0">
  <testcase name="testThatResultsAppearForAOneWayJourney" time="13.183" classname="FlightBookingTest"/>
</testsuite> <!-- FlightBookingTest -->
