<?xml version="1.0" encoding="UTF-8"?>
<!-- Generated by org.testng.reporters.JUnitReportReporter -->
<testsuite skipped="0" hostname="user-PC" name="testPackage.flightBooking.FlightBookingTest" tests="1" failures="0" timestamp="27 Jan 2019 19:33:41 GMT" time="27.138" errors="0">
  <testcase name="testThatResultsAppearForAOneWayJourney" time="27.138" classname="testPackage.flightBooking.FlightBookingTest"/>
</testsuite> <!-- testPackage.flightBooking.FlightBookingTest -->
