<?xml version="1.0" encoding="UTF-8"?>
<!-- Generated by org.testng.reporters.JUnitReportReporter -->
<testsuite skipped="0" hostname="LAPTOP-PHSRI9H9" name="SignInTest" tests="1" failures="0" timestamp="11 Dec 2019 05:14:21 GMT" time="5.518" errors="0">
  <testcase name="shouldThrowAnErrorIfSignInDetailsAreMissing" time="5.518" classname="SignInTest"/>
</testsuite> <!-- SignInTest -->
