<?xml version="1.0" encoding="UTF-8"?>
<!-- Generated by org.testng.reporters.JUnitReportReporter -->
<testsuite skipped="0" hostname="localhost.localdomain" name="FlightBookingTest" tests="1" failures="0" timestamp="01 Dec 2018 12:46:59 GMT" time="16.978" errors="0">
  <testcase name="testThatResultsAppearForAOneWayJourney" time="16.978" classname="FlightBookingTest"/>
</testsuite> <!-- FlightBookingTest -->
