<?xml version="1.0" encoding="UTF-8"?>
<!-- Generated by org.testng.reporters.JUnitReportReporter -->
<testsuite skipped="0" hostname="user-PC" name="testPackage.hotelBooking.HotelBookingTest" tests="1" failures="0" timestamp="27 Jan 2019 20:11:02 GMT" time="41.614" errors="0">
  <testcase name="shouldBeAbleToSearchForHotels" time="41.614" classname="testPackage.hotelBooking.HotelBookingTest"/>
</testsuite> <!-- testPackage.hotelBooking.HotelBookingTest -->
