<?xml version="1.0" encoding="UTF-8"?>
<!-- Generated by org.testng.reporters.JUnitReportReporter -->
<testsuite skipped="0" hostname="NDI-LAP-752" name="com.coding.test.SignInTest" tests="1" failures="0" timestamp="16 Dec 2018 19:33:03 GMT" time="84.195" errors="0">
  <testcase name="shouldThrowAnErrorIfSignInDetailsAreMissing" time="84.195" classname="com.coding.test.SignInTest"/>
</testsuite> <!-- com.coding.test.SignInTest -->
