<?xml version="1.0" encoding="UTF-8"?>
<!-- Generated by org.testng.reporters.JUnitReportReporter -->
<testsuite skipped="0" hostname="localhost.localdomain" name="FlightBookingTest" tests="1" failures="0" timestamp="01 Dec 2018 14:34:49 GMT" time="21.914" errors="0">
  <testcase name="testThatResultsAppearForAOneWayJourney" time="21.914" classname="FlightBookingTest"/>
</testsuite> <!-- FlightBookingTest -->
