<?xml version="1.0" encoding="UTF-8"?>
<!-- Generated by org.testng.reporters.JUnitReportReporter -->
<testsuite skipped="0" hostname="localhost.localdomain" name="HotelBookingTest" tests="1" failures="0" timestamp="01 Dec 2018 14:35:42 GMT" time="43.482" errors="0">
  <testcase name="shouldBeAbleToSearchForHotels" time="43.482" classname="HotelBookingTest"/>
</testsuite> <!-- HotelBookingTest -->
