<?xml version="1.0" encoding="UTF-8"?>
<!-- Generated by org.testng.reporters.JUnitReportReporter -->
<testsuite skipped="0" hostname="localhost.localdomain" name="FlightBookingTest" tests="1" failures="0" timestamp="01 Dec 2018 13:59:22 GMT" time="19.585" errors="0">
  <testcase name="testThatResultsAppearForAOneWayJourney" time="19.585" classname="FlightBookingTest"/>
</testsuite> <!-- FlightBookingTest -->
