<?xml version="1.0" encoding="UTF-8"?>
<!-- Generated by org.testng.reporters.JUnitReportReporter -->
<testsuite skipped="0" hostname="user-PC" name="testPackage.flightBooking.FlightBookingTest" tests="1" failures="0" timestamp="27 Jan 2019 20:25:44 GMT" time="16.012" errors="0">
  <testcase name="testThatResultsAppearForAOneWayJourney" time="16.012" classname="testPackage.flightBooking.FlightBookingTest"/>
</testsuite> <!-- testPackage.flightBooking.FlightBookingTest -->
