<?xml version="1.0" encoding="UTF-8"?>
<!-- Generated by org.testng.reporters.JUnitReportReporter -->
<testsuite skipped="0" hostname="NDI-LAP-752" name="com.coding.test.SignInTest" tests="1" failures="0" timestamp="17 Dec 2018 06:26:54 GMT" time="22.104" errors="0">
  <testcase name="shouldThrowAnErrorIfSignInDetailsAreMissing" time="22.104" classname="com.coding.test.SignInTest"/>
</testsuite> <!-- com.coding.test.SignInTest -->
