<?xml version="1.0" encoding="UTF-8"?>
<!-- Generated by org.testng.reporters.JUnitReportReporter -->
<testsuite skipped="0" hostname="user-PC" name="testPackage.SignInTest.SignInTest" tests="1" failures="0" timestamp="27 Jan 2019 18:39:53 GMT" time="29.298" errors="0">
  <testcase name="shouldThrowAnErrorIfSignInDetailsAreMissing" time="29.298" classname="testPackage.SignInTest.SignInTest"/>
</testsuite> <!-- testPackage.SignInTest.SignInTest -->
